<?xml version="1.0" encoding="UTF-8"?>
<testsuite name="LoginSpec" tests="1" skipped="0" failures="1" errors="0" timestamp="2014-06-24T09:10:37" hostname="LYHRMBP.local" time="3.434">
  <properties/>
  <testcase name="login to dashboard section" classname="LoginSpec" time="3.434">
    <failure message="geb.error.RequiredPageContentNotPresent: The required page content 'loginButton - SimplePageContent (owner: LoginPage, args: [], value: null)' is not present" type="geb.error.RequiredPageContentNotPresent">geb.error.RequiredPageContentNotPresent: The required page content 'loginButton - SimplePageContent (owner: LoginPage, args: [], value: null)' is not present
	at geb.content.TemplateDerivedPageContent.require(TemplateDerivedPageContent.groovy:66)
	at geb.content.PageContentTemplate.create_closure1(PageContentTemplate.groovy:63)
	at geb.content.PageContentTemplate.create_closure1(PageContentTemplate.groovy)
	at geb.content.PageContentTemplate.create(PageContentTemplate.groovy:82)
	at geb.content.PageContentTemplate.get(PageContentTemplate.groovy:54)
	at geb.content.PageContentSupport.getContent(PageContentSupport.groovy:43)
	at geb.content.PageContentSupport.propertyMissing(PageContentSupport.groovy:59)
	at geb.Browser.propertyMissing(Browser.groovy:210)
	at geb.spock.GebSpec.propertyMissing(GebSpec.groovy:58)
	at LoginSpec.login to dashboard section(TwitterSpec.groovy:14)
</failure>
  </testcase>
  <system-out><![CDATA[]]></system-out>
  <system-err><![CDATA[]]></system-err>
</testsuite>
