<?xml version="1.0" encoding="UTF-8"?>
<testsuite name="TwitterSpec" tests="1" skipped="0" failures="0" errors="0" timestamp="2014-06-24T09:21:35" hostname="LYHRMBP.local" time="6.397">
  <properties/>
  <testcase name="login to dashboard section" classname="TwitterSpec" time="6.397"/>
  <system-out><![CDATA[]]></system-out>
  <system-err><![CDATA[]]></system-err>
</testsuite>
